<?xml version="1.0" encoding="UTF-8"?>
<testsuite xmlns:xsi="http://www.w3.org/2001/XMLSchema-instance" xsi:noNamespaceSchemaLocation="https://maven.apache.org/surefire/maven-surefire-plugin/xsd/surefire-test-report.xsd" name="org.hgc.authentication.DemoApplicationTests" time="12.013" tests="3" errors="0" skipped="0" failures="0">
  <properties>
[...]
</properties>
  <testcase name="comparePassword" classname="org.hgc.authentication.DemoApplicationTests" time="0.905"/>
  <testcase name="getPassword" classname="org.hgc.authentication.DemoApplicationTests" time="0.311"/>
  <testcase name="contextMybatisPlus" classname="org.hgc.authentication.DemoApplicationTests" time="2.158"/>
</testsuite>